Using pre-set license
Built from '2020.3/staging' branch; Version is '2020.3.32f1 (12f8b0834f07) revision 1243312'; Using compiler version '192528614'; Build Type 'Release'
OS: 'Windows 10  (10.0.19044) 64bit CoreSingleLanguage' Language: 'en' Physical Memory: 8075 MB
BatchMode: 1, IsHumanControllingUs: 0, StartBugReporterOnCrash: 0, Is64bit: 1, IsPro: 0

COMMAND LINE ARGUMENTS:
C:\Program Files\Unity\Hub\Editor\2020.3.32f1\Editor\Unity.exe
-adb2
-batchMode
-noUpm
-name
AssetImportWorker0
-projectPath
C:/Users/ACER/UnityProjects/Basket-Ball-VR
-logFile
Logs/AssetImportWorker0.log
-srvPort
55345
Successfully changed project path to: C:/Users/ACER/UnityProjects/Basket-Ball-VR
C:/Users/ACER/UnityProjects/Basket-Ball-VR
Using Asset Import Pipeline V2.
Refreshing native plugins compatible for Editor in 108.54 ms, found 3 plugins.
Preloading 1 native plugins for Editor in 2.85 ms.
Initialize engine version: 2020.3.32f1 (12f8b0834f07)
[Subsystems] Discovering subsystems at path C:/Program Files/Unity/Hub/Editor/2020.3.32f1/Editor/Data/Resources/UnitySubsystems
[Subsystems] Discovering subsystems at path C:/Users/ACER/UnityProjects/Basket-Ball-VR/Assets
GfxDevice: creating device client; threaded=0
Direct3D:
    Version:  Direct3D 11.0 [level 11.1]
    Renderer: NVIDIA GeForce GTX 1050 Ti (ID=0x1c8c)
    Vendor:   
    VRAM:     4018 MB
    Driver:   26.21.14.4223
Initialize mono
Mono path[0] = 'C:/Program Files/Unity/Hub/Editor/2020.3.32f1/Editor/Data/Managed'
Mono path[1] = 'C:/Program Files/Unity/Hub/Editor/2020.3.32f1/Editor/Data/MonoBleedingEdge/lib/mono/unityjit'
Mono config path = 'C:/Program Files/Unity/Hub/Editor/2020.3.32f1/Editor/Data/MonoBleedingEdge/etc'
Using monoOptions --debugger-agent=transport=dt_socket,embedding=1,server=y,suspend=n,address=127.0.0.1:56140
Begin MonoManager ReloadAssembly
Registering precompiled unity dll's ...
Register platform support module: C:/Program Files/Unity/Hub/Editor/2020.3.32f1/Editor/Data/PlaybackEngines/WindowsStandaloneSupport/UnityEditor.WindowsStandalone.Extensions.dll
Registered in 0.003964 seconds.
Native extension for WindowsStandalone target not found
Refreshing native plugins compatible for Editor in 59.55 ms, found 3 plugins.
Preloading 1 native plugins for Editor in 0.08 ms.
Mono: successfully reloaded assembly
- Completed reload, in  0.772 seconds
Domain Reload Profiling:
	ReloadAssembly (772ms)
		BeginReloadAssembly (113ms)
			ExecutionOrderSort (0ms)
			DisableScriptedObjects (0ms)
			BackupInstance (0ms)
			ReleaseScriptingObjects (0ms)
			CreateAndSetChildDomain (2ms)
		EndReloadAssembly (574ms)
			LoadAssemblies (108ms)
			RebuildTransferFunctionScriptingTraits (0ms)
			SetupTypeCache (204ms)
			ReleaseScriptCaches (0ms)
			RebuildScriptCaches (36ms)
			SetupLoadedEditorAssemblies (200ms)
				LogAssemblyErrors (0ms)
				InitializePlatformSupportModulesInManaged (5ms)
				SetLoadedEditorAssemblies (0ms)
				RefreshPlugins (60ms)
				BeforeProcessingInitializeOnLoad (10ms)
				ProcessInitializeOnLoadAttributes (93ms)
				ProcessInitializeOnLoadMethodAttributes (32ms)
				AfterProcessingInitializeOnLoad (0ms)
				EditorAssembliesLoaded (0ms)
			ExecutionOrderSort2 (0ms)
			AwakeInstancesAfterBackupRestoration (0ms)
Platform modules already initialized, skipping
Registering precompiled user dll's ...
Registered in 0.014087 seconds.
Begin MonoManager ReloadAssembly
Native extension for WindowsStandalone target not found
Refreshing native plugins compatible for Editor in 1.22 ms, found 3 plugins.
Preloading 1 native plugins for Editor in 0.11 ms.
Mono: successfully reloaded assembly
- Completed reload, in  1.616 seconds
Domain Reload Profiling:
	ReloadAssembly (1617ms)
		BeginReloadAssembly (189ms)
			ExecutionOrderSort (0ms)
			DisableScriptedObjects (6ms)
			BackupInstance (0ms)
			ReleaseScriptingObjects (0ms)
			CreateAndSetChildDomain (25ms)
		EndReloadAssembly (1305ms)
			LoadAssemblies (192ms)
			RebuildTransferFunctionScriptingTraits (0ms)
			SetupTypeCache (402ms)
			ReleaseScriptCaches (0ms)
			RebuildScriptCaches (55ms)
			SetupLoadedEditorAssemblies (536ms)
				LogAssemblyErrors (0ms)
				InitializePlatformSupportModulesInManaged (7ms)
				SetLoadedEditorAssemblies (1ms)
				RefreshPlugins (1ms)
				BeforeProcessingInitializeOnLoad (108ms)
				ProcessInitializeOnLoadAttributes (299ms)
				ProcessInitializeOnLoadMethodAttributes (112ms)
				AfterProcessingInitializeOnLoad (9ms)
				EditorAssembliesLoaded (0ms)
			ExecutionOrderSort2 (0ms)
			AwakeInstancesAfterBackupRestoration (10ms)
Platform modules already initialized, skipping
========================================================================
Worker process is ready to serve import requests
Launched and connected shader compiler UnityShaderCompiler.exe after 0.14 seconds
Refreshing native plugins compatible for Editor in 0.87 ms, found 3 plugins.
Preloading 1 native plugins for Editor in 1.05 ms.
Unloading 2262 Unused Serialized files (Serialized files now loaded: 0)
System memory in use before: 90.7 MB.
System memory in use after: 90.8 MB.

Unloading 69 unused Assets to reduce memory usage. Loaded Objects now: 2660.
Total: 8.364900 ms (FindLiveObjects: 0.187900 ms CreateObjectMapping: 0.105900 ms MarkObjects: 7.904400 ms  DeleteObjects: 0.165600 ms)

AssetImportParameters requested are different than current active one (requested -> active):
  custom:framework-win-MediaFoundation: 216162199b28c13a410421893ffa2e32 -> 
  custom:video-decoder-ogg-theora: a1e56fd34408186e4bbccfd4996cb3dc -> 
  custom:container-muxer-webm: aa71ff27fc2769a1b78a27578f13a17b -> 
  custom:container-demuxer-webm: 4f35f7cbe854078d1ac9338744f61a02 -> 
  custom:container-demuxer-ogg: 62fdf1f143b41e24485cea50d1cbac27 -> 
  custom:video-encoder-webm-vp8: eb34c28f22e8b96e1ab97ce403110664 -> 
  custom:video-decoder-webm-vp8: 9c59270c3fd7afecdb556c50c9e8de78 -> 
  custom:audio-decoder-ogg-vorbis: bf7c407c2cedff20999df2af8eb42d56 -> 
  custom:audio-encoder-webm-vorbis: bf7c407c2cedff20999df2af8eb42d56 -> 
========================================================================
Received Import Request.
  path: Assets/Resources/Models/Court.FBX
  artifactKey: Guid(52acd1fe9ab4d49419424f6fb974d6c7) Importer(815301076,1909f56bfc062723c751e8b465ee728b)
Start importing Assets/Resources/Models/Court.FBX using Guid(52acd1fe9ab4d49419424f6fb974d6c7) Importer(815301076,1909f56bfc062723c751e8b465ee728b)  -> (artifact id: 'c2a13e80f3f3754aaad877108db1ce35') in 1.055215 seconds 
========================================================================
Received Import Request.
  Time since last request: 0.000302 seconds.
  path: Assets/Resources/Models/publico_lowpoly.fbx
  artifactKey: Guid(32831562bef23104784dfb110cdfd45f) Importer(815301076,1909f56bfc062723c751e8b465ee728b)
Start importing Assets/Resources/Models/publico_lowpoly.fbx using Guid(32831562bef23104784dfb110cdfd45f) Importer(815301076,1909f56bfc062723c751e8b465ee728b)  -> (artifact id: '66a6bc664aeb15a2a62289c6869d1962') in 0.407676 seconds 
========================================================================
Received Import Request.
  Time since last request: 0.000313 seconds.
  path: Assets/Resources/Models/Court.prefab
  artifactKey: Guid(b152cf86867e9604cabff7369306a04f) Importer(815301076,1909f56bfc062723c751e8b465ee728b)
Start importing Assets/Resources/Models/Court.prefab using Guid(b152cf86867e9604cabff7369306a04f) Importer(815301076,1909f56bfc062723c751e8b465ee728b)  -> (artifact id: '18c22a0d3cb1076978d742032c07aecf') in 0.033710 seconds 
========================================================================
Received Import Request.
  Time since last request: 0.000339 seconds.
  path: Assets/Resources/Models/basketball 1.prefab
  artifactKey: Guid(427557fdac2775542a5d7595aff74f95) Importer(815301076,1909f56bfc062723c751e8b465ee728b)
Start importing Assets/Resources/Models/basketball 1.prefab using Guid(427557fdac2775542a5d7595aff74f95) Importer(815301076,1909f56bfc062723c751e8b465ee728b)  -> (artifact id: '02381dfcbe921fe0a062939e7d8f43a8') in 0.045598 seconds 
========================================================================
Received Import Request.
  Time since last request: 0.000346 seconds.
  path: Assets/Resources/Models
  artifactKey: Guid(996f07680631ed749a4c45589d8c0597) Importer(815301076,1909f56bfc062723c751e8b465ee728b)
Start importing Assets/Resources/Models using Guid(996f07680631ed749a4c45589d8c0597) Importer(815301076,1909f56bfc062723c751e8b465ee728b)  -> (artifact id: '75500043fb46066f0404ba35f243807e') in 0.006395 seconds 
========================================================================
Received Import Request.
  Time since last request: 0.000333 seconds.
  path: Assets/Resources/Models/publico_lowpoly.3ds
  artifactKey: Guid(77246aa678de2e04a879a8d10366a41e) Importer(815301076,1909f56bfc062723c751e8b465ee728b)
Start importing Assets/Resources/Models/publico_lowpoly.3ds using Guid(77246aa678de2e04a879a8d10366a41e) Importer(815301076,1909f56bfc062723c751e8b465ee728b)  -> (artifact id: '287574c99e709143773a99a352dda54c') in 0.373213 seconds 
========================================================================
Received Import Request.
  Time since last request: 0.000236 seconds.
  path: Assets/Resources/Models/Ball.prefab
  artifactKey: Guid(1265b54152f547147bf8d58c4e21ec03) Importer(815301076,1909f56bfc062723c751e8b465ee728b)
Start importing Assets/Resources/Models/Ball.prefab using Guid(1265b54152f547147bf8d58c4e21ec03) Importer(815301076,1909f56bfc062723c751e8b465ee728b)  -> (artifact id: 'aaf3dbf29de48db1f4b7593372b5d18d') in 0.016588 seconds 
========================================================================
Received Import Request.
  Time since last request: 254.295655 seconds.
  path: Assets/Resources/Models/basketball_court.fbx
  artifactKey: Guid(b84a5239318546f4d872b74cae6c177b) Importer(815301076,1909f56bfc062723c751e8b465ee728b)
Start importing Assets/Resources/Models/basketball_court.fbx using Guid(b84a5239318546f4d872b74cae6c177b) Importer(815301076,1909f56bfc062723c751e8b465ee728b)  -> (artifact id: 'bf293738c70bdf3e6606b23dda38cb53') in 0.186092 seconds 
========================================================================
Received Import Request.
  Time since last request: 25.014120 seconds.
  path: Assets/Untitled.png
  artifactKey: Guid(8375e991e71673646aeaf91180500a64) Importer(815301076,1909f56bfc062723c751e8b465ee728b)
Start importing Assets/Untitled.png using Guid(8375e991e71673646aeaf91180500a64) Importer(815301076,1909f56bfc062723c751e8b465ee728b)  -> (artifact id: '7c0796b1e1325102a8c240e5a0138318') in 0.052033 seconds 
========================================================================
Received Import Request.
  Time since last request: 1.533658 seconds.
  path: Assets/Materials
  artifactKey: Guid(d34fa6db34b7721458a468822169d18f) Importer(815301076,1909f56bfc062723c751e8b465ee728b)
Start importing Assets/Materials using Guid(d34fa6db34b7721458a468822169d18f) Importer(815301076,1909f56bfc062723c751e8b465ee728b)  -> (artifact id: 'f363f500acd02e8cbd3d2b48f7a5bf76') in 0.013628 seconds 
========================================================================
Received Import Request.
  Time since last request: 0.059476 seconds.
  path: Assets/Materials/952d09ff9499ff0ade5efc49bd44ab87.png
  artifactKey: Guid(9dcbef7c0c5863e4e9e130b141e7018b) Importer(815301076,1909f56bfc062723c751e8b465ee728b)
Start importing Assets/Materials/952d09ff9499ff0ade5efc49bd44ab87.png using Guid(9dcbef7c0c5863e4e9e130b141e7018b) Importer(815301076,1909f56bfc062723c751e8b465ee728b)  -> (artifact id: '04301c52c07d557d99133b4b9ed0f52c') in 0.039837 seconds 
========================================================================
Received Import Request.
  Time since last request: 0.000400 seconds.
  path: Assets/Materials/Fi3YEC.jpg
  artifactKey: Guid(c980688ef43e8de47b651ab12b250195) Importer(815301076,1909f56bfc062723c751e8b465ee728b)
Start importing Assets/Materials/Fi3YEC.jpg using Guid(c980688ef43e8de47b651ab12b250195) Importer(815301076,1909f56bfc062723c751e8b465ee728b)  -> (artifact id: '216f0bfd522752cfbfd14a14f2e0a23c') in 0.042298 seconds 
========================================================================
Received Import Request.
  Time since last request: 0.000328 seconds.
  path: Assets/Materials/court.jpg
  artifactKey: Guid(f9a9767a1cf5da34bba3119ba0b5e0e4) Importer(815301076,1909f56bfc062723c751e8b465ee728b)
Start importing Assets/Materials/court.jpg using Guid(f9a9767a1cf5da34bba3119ba0b5e0e4) Importer(815301076,1909f56bfc062723c751e8b465ee728b)  -> (artifact id: 'f632cef3a9111ab33eb34e486763960d') in 0.028390 seconds 
========================================================================
Received Import Request.
  Time since last request: 1.248764 seconds.
  path: Assets/Materials/white_000.mat
  artifactKey: Guid(fe42ceedd0da8564bb6bf01d7d6302e8) Importer(815301076,1909f56bfc062723c751e8b465ee728b)
Start importing Assets/Materials/white_000.mat using Guid(fe42ceedd0da8564bb6bf01d7d6302e8) Importer(815301076,1909f56bfc062723c751e8b465ee728b)  -> (artifact id: '5b0f9792b97084c13f96fbca1857abac') in 0.094069 seconds 
========================================================================
Received Import Request.
  Time since last request: 0.000363 seconds.
  path: Assets/Materials/white_1.mat
  artifactKey: Guid(0109ffe98c182334fb638e7d84077b43) Importer(815301076,1909f56bfc062723c751e8b465ee728b)
Start importing Assets/Materials/white_1.mat using Guid(0109ffe98c182334fb638e7d84077b43) Importer(815301076,1909f56bfc062723c751e8b465ee728b)  -> (artifact id: 'fdef118dc062045a868e2a6f1476e3e4') in 0.024801 seconds 
========================================================================
Received Import Request.
  Time since last request: 0.000394 seconds.
  path: Assets/Materials/wm69547tt.mat
  artifactKey: Guid(684581a110b085148adbf74b725dd88a) Importer(815301076,1909f56bfc062723c751e8b465ee728b)
Start importing Assets/Materials/wm69547tt.mat using Guid(684581a110b085148adbf74b725dd88a) Importer(815301076,1909f56bfc062723c751e8b465ee728b)  -> (artifact id: 'e2bb5016b51e635a111b9afa1aadf7fe') in 0.025052 seconds 
========================================================================
Received Import Request.
  Time since last request: 143.113765 seconds.
  path: Assets/Resources/Models/basketball_court.fbx
  artifactKey: Guid(b84a5239318546f4d872b74cae6c177b) Importer(815301076,1909f56bfc062723c751e8b465ee728b)
Start importing Assets/Resources/Models/basketball_court.fbx using Guid(b84a5239318546f4d872b74cae6c177b) Importer(815301076,1909f56bfc062723c751e8b465ee728b)  -> (artifact id: '5c8fbb47805c1e4f2500050c2d838afe') in 0.093477 seconds 
========================================================================
Received Import Request.
  Time since last request: 98.972881 seconds.
  path: Assets/Resources/Models/basketball_court.fbx
  artifactKey: Guid(b84a5239318546f4d872b74cae6c177b) Importer(815301076,1909f56bfc062723c751e8b465ee728b)
Start importing Assets/Resources/Models/basketball_court.fbx using Guid(b84a5239318546f4d872b74cae6c177b) Importer(815301076,1909f56bfc062723c751e8b465ee728b)  -> (artifact id: '24e015daf14b52defdcb03257df21b0c') in 0.178880 seconds 
========================================================================
Received Import Request.
  Time since last request: 506.209772 seconds.
  path: Assets/Materials/Black-Metal-Texture.mat
  artifactKey: Guid(c60c8fc69b3725b4dbc99a042b33b7d8) Importer(815301076,1909f56bfc062723c751e8b465ee728b)
Start importing Assets/Materials/Black-Metal-Texture.mat using Guid(c60c8fc69b3725b4dbc99a042b33b7d8) Importer(815301076,1909f56bfc062723c751e8b465ee728b)  -> (artifact id: '21bef2a04ee3acf6472ba8f2a2f74136') in 0.025559 seconds 
AssetImportWorkerClient::OnTransportError - code=2 error=End of file
